This is pdfTeX, Version 3.141592653-2.6-1.40.27 (TeX Live 2025) (preloaded format=pdflatex)
 restricted \write18 enabled.
entering extended mode
(./exsheets_en.tex
LaTeX2e <2024-11-01> patch level 2
L3 programming layer <2025-01-18>
(c:/texlive/2025/texmf-dist/tex/latex/koma-script/scrartcl.cls
Document Class: scrartcl 2024/10/24 v3.43 KOMA-Script document class (article)
(c:/texlive/2025/texmf-dist/tex/latex/koma-script/scrkbase.sty
(c:/texlive/2025/texmf-dist/tex/latex/koma-script/scrbase.sty
(c:/texlive/2025/texmf-dist/tex/latex/koma-script/scrlfile.sty
(c:/texlive/2025/texmf-dist/tex/latex/koma-script/scrlfile-hook.sty
(c:/texlive/2025/texmf-dist/tex/latex/koma-script/scrlogo.sty)))
(c:/texlive/2025/texmf-dist/tex/latex/graphics/keyval.sty)))
(c:/texlive/2025/texmf-dist/tex/latex/koma-script/tocbasic.sty)
(c:/texlive/2025/texmf-dist/tex/latex/koma-script/scrsize11pt.clo)
(c:/texlive/2025/texmf-dist/tex/latex/koma-script/typearea.sty))
(c:/texlive/2025/texmf-dist/tex/latex/base/inputenc.sty)
(c:/texlive/2025/texmf-dist/tex/latex/base/fontenc.sty)
(c:/texlive/2025/texmf-dist/tex/generic/babel/babel.sty
(c:/texlive/2025/texmf-dist/tex/generic/babel/txtbabel.def)
(c:/texlive/2025/texmf-dist/tex/generic/babel-portuges/brazilian.ldf))
(c:/texlive/2025/texmf-dist/tex/generic/babel/locale/pt/babel-brazilian.tex)
(c:/texlive/2025/texmf-dist/tex/latex/lm/lmodern.sty) (./exsheets.sty
(c:/texlive/2025/texmf-dist/tex/latex/l3kernel/expl3.sty
(c:/texlive/2025/texmf-dist/tex/latex/l3backend/l3backend-pdftex.def))
(c:/texlive/2025/texmf-dist/tex/latex/l3packages/xparse/xparse.sty)
(c:/texlive/2025/texmf-dist/tex/latex/l3packages/xtemplate/xtemplate.sty)
(c:/texlive/2025/texmf-dist/tex/latex/l3packages/l3keys2e/l3keys2e.sty)
(c:/texlive/2025/texmf-dist/tex/latex/etoolbox/etoolbox.sty)
(c:/texlive/2025/texmf-dist/tex/latex/environ/environ.sty
(c:/texlive/2025/texmf-dist/tex/latex/trimspaces/trimspaces.sty))
(c:/texlive/2025/texmf-dist/tex/latex/pgf/basiclayer/pgfcore.sty
(c:/texlive/2025/texmf-dist/tex/latex/graphics/graphicx.sty
(c:/texlive/2025/texmf-dist/tex/latex/graphics/graphics.sty
(c:/texlive/2025/texmf-dist/tex/latex/graphics/trig.sty)
(c:/texlive/2025/texmf-dist/tex/latex/graphics-cfg/graphics.cfg)
(c:/texlive/2025/texmf-dist/tex/latex/graphics-def/pdftex.def)))
(c:/texlive/2025/texmf-dist/tex/latex/pgf/systemlayer/pgfsys.sty
(c:/texlive/2025/texmf-dist/tex/latex/pgf/utilities/pgfrcs.sty
(c:/texlive/2025/texmf-dist/tex/generic/pgf/utilities/pgfutil-common.tex)
(c:/texlive/2025/texmf-dist/tex/generic/pgf/utilities/pgfutil-latex.def)
(c:/texlive/2025/texmf-dist/tex/generic/pgf/utilities/pgfrcs.code.tex
(c:/texlive/2025/texmf-dist/tex/generic/pgf/pgf.revision.tex)))
(c:/texlive/2025/texmf-dist/tex/generic/pgf/systemlayer/pgfsys.code.tex
(c:/texlive/2025/texmf-dist/tex/generic/pgf/utilities/pgfkeys.code.tex
(c:/texlive/2025/texmf-dist/tex/generic/pgf/utilities/pgfkeyslibraryfiltered.co
de.tex)) (c:/texlive/2025/texmf-dist/tex/generic/pgf/systemlayer/pgf.cfg)
(c:/texlive/2025/texmf-dist/tex/generic/pgf/systemlayer/pgfsys-pdftex.def
(c:/texlive/2025/texmf-dist/tex/generic/pgf/systemlayer/pgfsys-common-pdf.def))
)
(c:/texlive/2025/texmf-dist/tex/generic/pgf/systemlayer/pgfsyssoftpath.code.tex
)
(c:/texlive/2025/texmf-dist/tex/generic/pgf/systemlayer/pgfsysprotocol.code.tex
)) (c:/texlive/2025/texmf-dist/tex/latex/xcolor/xcolor.sty
(c:/texlive/2025/texmf-dist/tex/latex/graphics-cfg/color.cfg)
(c:/texlive/2025/texmf-dist/tex/latex/graphics/mathcolor.ltx))
(c:/texlive/2025/texmf-dist/tex/generic/pgf/basiclayer/pgfcore.code.tex
(c:/texlive/2025/texmf-dist/tex/generic/pgf/math/pgfmath.code.tex
(c:/texlive/2025/texmf-dist/tex/generic/pgf/math/pgfmathutil.code.tex)
(c:/texlive/2025/texmf-dist/tex/generic/pgf/math/pgfmathparser.code.tex)
(c:/texlive/2025/texmf-dist/tex/generic/pgf/math/pgfmathfunctions.code.tex)
(c:/texlive/2025/texmf-dist/tex/generic/pgf/math/pgfmathfunctions.basic.code.te
x)
(c:/texlive/2025/texmf-dist/tex/generic/pgf/math/pgfmathfunctions.trigonometric
.code.tex)
(c:/texlive/2025/texmf-dist/tex/generic/pgf/math/pgfmathfunctions.random.code.t
ex)
(c:/texlive/2025/texmf-dist/tex/generic/pgf/math/pgfmathfunctions.comparison.co
de.tex)
(c:/texlive/2025/texmf-dist/tex/generic/pgf/math/pgfmathfunctions.base.code.tex
)
(c:/texlive/2025/texmf-dist/tex/generic/pgf/math/pgfmathfunctions.round.code.te
x)
(c:/texlive/2025/texmf-dist/tex/generic/pgf/math/pgfmathfunctions.misc.code.tex
)
(c:/texlive/2025/texmf-dist/tex/generic/pgf/math/pgfmathfunctions.integerarithm
etics.code.tex)
(c:/texlive/2025/texmf-dist/tex/generic/pgf/math/pgfmathcalc.code.tex)
(c:/texlive/2025/texmf-dist/tex/generic/pgf/math/pgfmathfloat.code.tex))
(c:/texlive/2025/texmf-dist/tex/generic/pgf/math/pgfint.code.tex)
(c:/texlive/2025/texmf-dist/tex/generic/pgf/basiclayer/pgfcorepoints.code.tex)
(c:/texlive/2025/texmf-dist/tex/generic/pgf/basiclayer/pgfcorepathconstruct.cod
e.tex)
(c:/texlive/2025/texmf-dist/tex/generic/pgf/basiclayer/pgfcorepathusage.code.te
x)
(c:/texlive/2025/texmf-dist/tex/generic/pgf/basiclayer/pgfcorescopes.code.tex)
(c:/texlive/2025/texmf-dist/tex/generic/pgf/basiclayer/pgfcoregraphicstate.code
.tex)
(c:/texlive/2025/texmf-dist/tex/generic/pgf/basiclayer/pgfcoretransformations.c
ode.tex)
(c:/texlive/2025/texmf-dist/tex/generic/pgf/basiclayer/pgfcorequick.code.tex)
(c:/texlive/2025/texmf-dist/tex/generic/pgf/basiclayer/pgfcoreobjects.code.tex)

(c:/texlive/2025/texmf-dist/tex/generic/pgf/basiclayer/pgfcorepathprocessing.co
de.tex)
(c:/texlive/2025/texmf-dist/tex/generic/pgf/basiclayer/pgfcorearrows.code.tex)
(c:/texlive/2025/texmf-dist/tex/generic/pgf/basiclayer/pgfcoreshade.code.tex)
(c:/texlive/2025/texmf-dist/tex/generic/pgf/basiclayer/pgfcoreimage.code.tex)
(c:/texlive/2025/texmf-dist/tex/generic/pgf/basiclayer/pgfcoreexternal.code.tex
) (c:/texlive/2025/texmf-dist/tex/generic/pgf/basiclayer/pgfcorelayers.code.tex
)
(c:/texlive/2025/texmf-dist/tex/generic/pgf/basiclayer/pgfcoretransparency.code
.tex)
(c:/texlive/2025/texmf-dist/tex/generic/pgf/basiclayer/pgfcorepatterns.code.tex
) (c:/texlive/2025/texmf-dist/tex/generic/pgf/basiclayer/pgfcorerdf.code.tex)))
(c:/texlive/2025/texmf-dist/tex/latex/cntformats/cntformats.sty
(c:/texlive/2025/texmf-dist/tex/latex/cnltx/cnltx-base.sty
(c:/texlive/2025/texmf-dist/tex/latex/pgfopts/pgfopts.sty
(c:/texlive/2025/texmf-dist/tex/latex/pgf/utilities/pgfkeys.sty
(c:/texlive/2025/texmf-dist/tex/generic/pgf/utilities/pgfkeys.code.tex)))
(c:/texlive/2025/texmf-dist/tex/generic/ltxcmds/ltxcmds.sty)
(c:/texlive/2025/texmf-dist/tex/generic/pdftexcmds/pdftexcmds.sty
(c:/texlive/2025/texmf-dist/tex/generic/infwarerr/infwarerr.sty)
(c:/texlive/2025/texmf-dist/tex/generic/iftex/iftex.sty))))
(./exsheets_headings.def) (./exsheets_headings.cfg)
(c:/texlive/2025/texmf-dist/tex/latex/tasks/tasks.sty
(c:/texlive/2025/texmf-dist/tex/latex/tasks/tasks.cfg))
(c:/texlive/2025/texmf-dist/tex/generic/ulem/ulem.sty)
(c:/texlive/2025/texmf-dist/tex/latex/translations/translations.sty))
(c:/texlive/2025/texmf-dist/tex/latex/bookmark/bookmark.sty
(c:/texlive/2025/texmf-dist/tex/latex/hyperref/hyperref.sty
(c:/texlive/2025/texmf-dist/tex/latex/kvsetkeys/kvsetkeys.sty)
(c:/texlive/2025/texmf-dist/tex/generic/kvdefinekeys/kvdefinekeys.sty)
(c:/texlive/2025/texmf-dist/tex/generic/pdfescape/pdfescape.sty)
(c:/texlive/2025/texmf-dist/tex/latex/hycolor/hycolor.sty)
(c:/texlive/2025/texmf-dist/tex/latex/hyperref/nameref.sty
(c:/texlive/2025/texmf-dist/tex/latex/refcount/refcount.sty)
(c:/texlive/2025/texmf-dist/tex/generic/gettitlestring/gettitlestring.sty
(c:/texlive/2025/texmf-dist/tex/latex/kvoptions/kvoptions.sty)))
(c:/texlive/2025/texmf-dist/tex/generic/stringenc/stringenc.sty)
(c:/texlive/2025/texmf-dist/tex/latex/hyperref/pd1enc.def)
(c:/texlive/2025/texmf-dist/tex/generic/intcalc/intcalc.sty)
(c:/texlive/2025/texmf-dist/tex/latex/hyperref/puenc.def)
(c:/texlive/2025/texmf-dist/tex/latex/url/url.sty)
(c:/texlive/2025/texmf-dist/tex/generic/bitset/bitset.sty
(c:/texlive/2025/texmf-dist/tex/generic/bigintcalc/bigintcalc.sty))
(c:/texlive/2025/texmf-dist/tex/latex/base/atbegshi-ltx.sty))
(c:/texlive/2025/texmf-dist/tex/latex/hyperref/hpdftex.def
(c:/texlive/2025/texmf-dist/tex/latex/base/atveryend-ltx.sty)
(c:/texlive/2025/texmf-dist/tex/latex/rerunfilecheck/rerunfilecheck.sty
(c:/texlive/2025/texmf-dist/tex/generic/uniquecounter/uniquecounter.sty)))
(c:/texlive/2025/texmf-dist/tex/latex/bookmark/bkm-pdftex.def))
(c:/texlive/2025/texmf-dist/tex/latex/tools/multicol.sty)
(c:/texlive/2025/texmf-dist/tex/latex/booktabs/booktabs.sty)
(c:/texlive/2025/texmf-dist/tex/latex/tools/array.sty)
(c:/texlive/2025/texmf-dist/tex/latex/l3experimental/xcoffins/xcoffins.sty)
(c:/texlive/2025/texmf-dist/tex/latex/wasysym/wasysym.sty)
(c:/texlive/2025/texmf-dist/tex/latex/enumitem/enumitem.sty)
(c:/texlive/2025/texmf-dist/tex/latex/siunitx/siunitx.sty
(c:/texlive/2025/texmf-dist/tex/latex/amsmath/amstext.sty
(c:/texlive/2025/texmf-dist/tex/latex/amsmath/amsgen.sty)))
(c:/texlive/2025/texmf-dist/tex/latex/amsfonts/amssymb.sty
(c:/texlive/2025/texmf-dist/tex/latex/amsfonts/amsfonts.sty))
(c:/texlive/2025/texmf-dist/tex/latex/listings/listings.sty
(c:/texlive/2025/texmf-dist/tex/latex/listings/lstpatch.sty)
(c:/texlive/2025/texmf-dist/tex/latex/listings/lstmisc.sty)
(c:/texlive/2025/texmf-dist/tex/latex/listings/listings.cfg))
(c:/texlive/2025/texmf-dist/tex/latex/biblatex/biblatex.sty
(c:/texlive/2025/texmf-dist/tex/latex/logreq/logreq.sty
(c:/texlive/2025/texmf-dist/tex/latex/logreq/logreq.def))
(c:/texlive/2025/texmf-dist/tex/latex/base/ifthen.sty)
(c:/texlive/2025/texmf-dist/tex/latex/biblatex/blx-dm.def)
(c:/texlive/2025/texmf-dist/tex/latex/biblatex/blx-compat.def)
(c:/texlive/2025/texmf-dist/tex/latex/biblatex/biblatex.def)
(c:/texlive/2025/texmf-dist/tex/latex/biblatex/bbx/numeric.bbx
(c:/texlive/2025/texmf-dist/tex/latex/biblatex/bbx/standard.bbx))
(c:/texlive/2025/texmf-dist/tex/latex/biblatex/cbx/numeric.cbx)
(c:/texlive/2025/texmf-dist/tex/latex/biblatex/biblatex.cfg)
(c:/texlive/2025/texmf-dist/tex/latex/biblatex/blx-case-expl3.sty))
(c:/texlive/2025/texmf-dist/tex/latex/csquotes/csquotes.sty
(c:/texlive/2025/texmf-dist/tex/latex/csquotes/csquotes.def)
(c:/texlive/2025/texmf-dist/tex/latex/csquotes/csquotes.cfg))
(c:/texlive/2025/texmf-dist/tex/latex/microtype/microtype.sty
(c:/texlive/2025/texmf-dist/tex/latex/microtype/microtype-pdftex.def)
(c:/texlive/2025/texmf-dist/tex/latex/microtype/microtype.cfg))

Package microtype Warning: The tracking set `scshape' is undeclared.
(microtype)                Using set `smallcaps' instead.

(c:/texlive/2025/texmf-dist/tex/latex/embrac/embrac.sty)
(c:/texlive/2025/texmf-dist/tex/latex/acro/acro.sty)
(c:/texlive/2025/texmf-dist/tex/latex/mdframed/mdframed.sty
(c:/texlive/2025/texmf-dist/tex/latex/zref/zref-abspage.sty
(c:/texlive/2025/texmf-dist/tex/latex/zref/zref-base.sty
(c:/texlive/2025/texmf-dist/tex/generic/etexcmds/etexcmds.sty)
(c:/texlive/2025/texmf-dist/tex/latex/auxhook/auxhook.sty)))
(c:/texlive/2025/texmf-dist/tex/latex/needspace/needspace.sty)
(c:/texlive/2025/texmf-dist/tex/latex/mdframed/md-frame-0.mdf))
(c:/texlive/2025/texmf-dist/tex/latex/filecontents/filecontents.sty

Package filecontents Warning: This package is obsolete. Disabling it and
(filecontents)                passing control to the filecontents environment
(filecontents)                defined by the LaTeX kernel.

)

LaTeX Info: File `exsheets_en.bib' already exists on the system.
            Not generating it from this source.

(./exsheets-listings.sty
(c:/texlive/2025/texmf-dist/tex/latex/listings/lstmisc.sty))
(c:/texlive/2025/texmf-dist/tex/latex/dingbat/dingbat.sty)

Package tasks Warning: You've tried setting command `\NewTasks ' on line 249.
(tasks)                However, command `\NewTasks ' is deprecated. Please use
(tasks)                command `\NewTasksEnvironment ' instead. Refer to the
(tasks)                manual for details.

(c:/texlive/2025/texmf-dist/tex/generic/alphalph/alphalph.sty)
(c:/texlive/2025/texmf-dist/tex/latex/lm/t1lmr.fd) (./exsheets_en.aux)
(c:/texlive/2025/texmf-dist/tex/context/base/mkii/supp-pdf.mkii
[Loading MPS to PDF converter (version 2006.09.02).]
) (c:/texlive/2025/texmf-dist/tex/latex/epstopdf-pkg/epstopdf-base.sty
(c:/texlive/2025/texmf-dist/tex/latex/latexconfig/epstopdf-sys.cfg))
(./exsheets_configurations.cfg)
(c:/texlive/2025/texmf-dist/tex/latex/translations/translations-basic-dictionar
y-brazil.trsl) (c:/texlive/2025/texmf-dist/tex/latex/biblatex/lbx/brazilian.lbx
)
No file exsheets_en.bbl.
(c:/texlive/2025/texmf-dist/tex/latex/microtype/mt-cmr.cfg)
(c:/texlive/2025/texmf-dist/tex/latex/lm/t1lmss.fd)
(c:/texlive/2025/texmf-dist/tex/latex/lm/ot1lmr.fd)
(c:/texlive/2025/texmf-dist/tex/latex/lm/omllmm.fd)
(c:/texlive/2025/texmf-dist/tex/latex/lm/omslmsy.fd)
(c:/texlive/2025/texmf-dist/tex/latex/lm/omxlmex.fd)
(c:/texlive/2025/texmf-dist/tex/latex/wasysym/uwasy.fd)
(c:/texlive/2025/texmf-dist/tex/latex/amsfonts/umsa.fd)
(c:/texlive/2025/texmf-dist/tex/latex/microtype/mt-msa.cfg)
(c:/texlive/2025/texmf-dist/tex/latex/amsfonts/umsb.fd)
(c:/texlive/2025/texmf-dist/tex/latex/microtype/mt-msb.cfg) (./exsheets_en.toc
(c:/texlive/2025/texmf-dist/tex/latex/lm/t1lmtt.fd)
[1{c:/texlive/2025/texmf-var/fonts/map/pdftex/updmap/pdftex.map}{c:/texlive/202
5/texmf-dist/fonts/enc/dvips/lm/lm-ec.enc}]
[2])
part I.
(c:/texlive/2025/texmf-dist/tex/latex/lm/ts1lmr.fd)
[3]

LaTeX Warning: Citation 'bnd:l3kernel' on page 4 undefined on input line 273.


LaTeX Warning: Citation 'bnd:l3packages' on page 4 undefined on input line 274.



LaTeX Warning: Citation 'bnd:l3experimental' on page 4 undefined on input line 
275.


LaTeX Warning: Citation 'pkg:xcolor' on page 4 undefined on input line 276.


LaTeX Warning: Citation 'pkg:ulem' on page 4 undefined on input line 276.


LaTeX Warning: Citation 'pkg:etoolbox' on page 4 undefined on input line 277.


LaTeX Warning: Citation 'pkg:environ' on page 4 undefined on input line 278.


LaTeX Warning: Citation 'pkg:pgf' on page 4 undefined on input line 279.


LaTeX Warning: Citation 'pkg:eqexam' on page 4 undefined on input line 285.


LaTeX Warning: Citation 'cls:exam' on page 4 undefined on input line 285.


LaTeX Warning: Citation 'pkg:examdesign' on page 4 undefined on input line 286.



LaTeX Warning: Citation 'pkg:exercise' on page 4 undefined on input line 286.


LaTeX Warning: Citation 'pkg:probsoln' on page 4 undefined on input line 287.


LaTeX Warning: Citation 'pkg:answers' on page 4 undefined on input line 287.


LaTeX Warning: Citation 'pkg:esami' on page 4 undefined on input line 288.


LaTeX Warning: Citation 'pkg:exsol' on page 4 undefined on input line 288.


Overfull \hbox (48.0515pt too wide) in paragraph at lines 283--290
\T1/lmss/m/n/10.95 (-20) sign \T1/lmr/m/n/10.95 (-20) [[]], \T1/lmss/m/n/10.95 
(-20) exer-cise \T1/lmr/m/n/10.95 (-20) [[]], \T1/lmss/m/n/10.95 (-20) prob-sol
n \T1/lmr/m/n/10.95 (-20) [[]], \T1/lmss/m/n/10.95 (-20) answers \T1/lmr/m/n/10
.95 (-20) [[]],

[4{c:/texlive/2025/texmf-dist/fonts/enc/dvips/lm/lm-ts1.enc}]
part II.

[5]
[6{c:/texlive/2025/texmf-dist/fonts/enc/dvips/lm/lm-mathsy.enc}]

! LaTeX Error: Something's wrong--perhaps a missing \item.

See the LaTeX manual or LaTeX Companion for explanation.
Type  H <return>  for immediate help.
 ...                                              
                                                  
l.635 \end{options}
                   

Overfull \hbox (15.86919pt too wide) in paragraph at lines 574--635
\T1/lmr/m/n/10.95 (-20) definidos: \T1/lmtt/m/n/10.95 block \T1/lmr/m/n/10.95 (
-20) e \T1/lmtt/m/n/10.95 runin\T1/lmr/m/n/10.95 (-20) . \T1/lmtt/m/n/10.95 hea
dings-format\T1/lmr/m/n/10.95 (-20) =$\OMS/lmsy/m/n/10.95 h$\T1/lmr/m/it/10.95 
(-20) code$\OMS/lmsy/m/n/10.95 i$\T1/lmr/m/it/10.95 (-20) Default: \T1/lmtt/m/n
/10.95 \normalsize\bfseries

[7]

! LaTeX Error: Something's wrong--perhaps a missing \item.

See the LaTeX manual or LaTeX Companion for explanation.
Type  H <return>  for immediate help.
 ...                                              
                                                  
l.697   \expandable\command{IfInsideQuestionTF}
                                               [\marg{true code}\marg{false ...


[8]

! LaTeX Error: Something's wrong--perhaps a missing \item.

See the LaTeX manual or LaTeX Companion for explanation.
Type  H <return>  for immediate help.
 ...                                              
                                                  
l.753 \end{options}
                   

Overfull \hbox (86.06494pt too wide) in paragraph at lines 711--753
\T1/lmr/m/n/10.95 (-20) es-paÁo ver-ti-cal que È in-se-rido apÛs o am-bi-ente q
ues-tion. \T1/lmtt/m/n/10.95 no-skip-below\T1/lmr/m/n/10.95 (-20) =$\OMS/lmsy/m
/n/10.95 h$\T1/lmr/m/it/10.95 (-20) true|false$\OMS/lmsy/m/n/10.95 i$\T1/lmr/m/
n/10.95 (-20) [\T1/lmr/m/it/10.95 (-20) question\T1/lmr/m/n/10.95 (-20) ]\T1/lm
r/m/it/10.95 (-20) Default:

Overfull \hbox (116.81808pt too wide) in paragraph at lines 711--753
\T1/lmtt/m/n/10.95 false \T1/lmr/m/n/10.95 (-20) De-sa-bi-lita a in-ser-Á„o de 
es-paÁo ver-ti-cal apÛs o am-bi-ente ques-tion. \T1/lmtt/m/n/10.95 print\T1/lmr
/m/n/10.95 (-20) =$\OMS/lmsy/m/n/10.95 h$\T1/lmr/m/it/10.95 (-20) true|false$\O
MS/lmsy/m/n/10.95 i$\T1/lmr/m/n/10.95 (-20) [\T1/lmr/m/it/10.95 (-20) question\
T1/lmr/m/n/10.95 (-20) ]\T1/lmr/m/it/10.95 (-20) Default:

Overfull \hbox (28.89297pt too wide) in paragraph at lines 711--753
\T1/lmr/m/n/10.95 (-20) na-li-zado ‡ ques-t„o. Veja se-Á„o [][]9.3[][] para mai
s in-for-ma-Áıes. \T1/lmtt/m/n/10.95 label\T1/lmr/m/n/10.95 (-20) =$\OMS/lmsy/m
/n/10.95 h$\T1/lmr/m/it/10.95 (-20) label$\OMS/lmsy/m/n/10.95 i$\T1/lmr/m/n/10.
95 (-20) [\T1/lmr/m/it/10.95 (-20) question\T1/lmr/m/n/10.95 (-20) ]\T1/lmr/m/i
t/10.95 (-20) Default:

Overfull \hbox (79.89597pt too wide) in paragraph at lines 711--753
\T1/lmr/m/n/10.95 (-20) uma classe $\OMS/lmsy/m/n/10.95 h$\T1/lmr/m/it/10.95 (-
20) class$\OMS/lmsy/m/n/10.95 i$ \T1/lmr/m/n/10.95 (-20) ‡ ques-t„o. Veja se-Á„
o [][]10.1[][] para mais in-for-ma-Áıes. \T1/lmtt/m/n/10.95 topic\T1/lmr/m/n/10
.95 (-20) =$\OMS/lmsy/m/n/10.95 h$\T1/lmr/m/it/10.95 (-20) topic$\OMS/lmsy/m/n/
10.95 i$\T1/lmr/m/n/10.95 (-20) [\T1/lmr/m/it/10.95 (-20) question\T1/lmr/m/n/1
0.95 (-20) ]\T1/lmr/m/it/10.95 (-20) Default:

Overfull \hbox (105.00722pt too wide) in paragraph at lines 711--753
\T1/lmtt/m/n/10.95 use\T1/lmr/m/n/10.95 (-20) =$\OMS/lmsy/m/n/10.95 h$\T1/lmr/m
/it/10.95 (-20) true|false$\OMS/lmsy/m/n/10.95 i$\T1/lmr/m/n/10.95 (-20) [\T1/l
mr/m/it/10.95 (-20) question\T1/lmr/m/n/10.95 (-20) ]\T1/lmr/m/it/10.95 (-20) D
efault: \T1/lmtt/m/n/10.95 true \T1/lmr/m/n/10.95 (-20) Des-carta a ques-t„o. O
u n„o. \T1/lmtt/m/n/10.95 pre-hook\T1/lmr/m/n/10.95 (-20) =$\OMS/lmsy/m/n/10.95
 h$\T1/lmr/m/it/10.95 (-20) code$\OMS/lmsy/m/n/10.95 i$\T1/lmr/m/n/10.95 (-20) 
[\T1/lmr/m/it/10.95 (-20) question\T1/lmr/m/n/10.95 (-20) ]\T1/lmr/m/it/10.95 (
-20) Default:

Overfull \hbox (59.66852pt too wide) in paragraph at lines 711--753
\T1/lmr/m/n/10.95 (-20) 0.16Adi-ci-ona $\OMS/lmsy/m/n/10.95 h$\T1/lmr/m/it/10.9
5 (-20) code$\OMS/lmsy/m/n/10.95 i$ \T1/lmr/m/n/10.95 (-20) di-re-ta-mente an-t
es do tÌ-tulo da ques-t„o. \T1/lmtt/m/n/10.95 post-hook\T1/lmr/m/n/10.95 (-20) 
=$\OMS/lmsy/m/n/10.95 h$\T1/lmr/m/it/10.95 (-20) code$\OMS/lmsy/m/n/10.95 i$\T1
/lmr/m/n/10.95 (-20) [\T1/lmr/m/it/10.95 (-20) question\T1/lmr/m/n/10.95 (-20) 
]\T1/lmr/m/it/10.95 (-20) Default:

Overfull \hbox (31.90402pt too wide) in paragraph at lines 711--753
\T1/lmr/m/n/10.95 (-20) 0.16Adi-ci-ona $\OMS/lmsy/m/n/10.95 h$\T1/lmr/m/it/10.9
5 (-20) code$\OMS/lmsy/m/n/10.95 i$ \T1/lmr/m/n/10.95 (-20) di-re-ta-mente apÛs
 a ques-t„o. \T1/lmtt/m/n/10.95 pre-body-hook\T1/lmr/m/n/10.95 (-20) =$\OMS/lms
y/m/n/10.95 h$\T1/lmr/m/it/10.95 (-20) code$\OMS/lmsy/m/n/10.95 i$\T1/lmr/m/n/1
0.95 (-20) [\T1/lmr/m/it/10.95 (-20) question\T1/lmr/m/n/10.95 (-20) ]\T1/lmr/m
/it/10.95 (-20) Default:

Overfull \hbox (88.74605pt too wide) in paragraph at lines 711--753
\T1/lmr/m/n/10.95 (-20) 0.16Adi-ci-ona $\OMS/lmsy/m/n/10.95 h$\T1/lmr/m/it/10.9
5 (-20) code$\OMS/lmsy/m/n/10.95 i$ \T1/lmr/m/n/10.95 (-20) di-re-ta-mente an-t
es do corpo da ques-t„o. \T1/lmtt/m/n/10.95 post-body-hook\T1/lmr/m/n/10.95 (-2
0) =$\OMS/lmsy/m/n/10.95 h$\T1/lmr/m/it/10.95 (-20) code$\OMS/lmsy/m/n/10.95 i$
\T1/lmr/m/n/10.95 (-20) [\T1/lmr/m/it/10.95 (-20) question\T1/lmr/m/n/10.95 (-2
0) ]\T1/lmr/m/it/10.95 (-20) Default:

[9{c:/texlive/2025/texmf-dist/fonts/enc/dvips/lm/lm-mathit.enc}]

! LaTeX Error: Something's wrong--perhaps a missing \item.

See the LaTeX manual or LaTeX Companion for explanation.
Type  H <return>  for immediate help.
 ...                                              
                                                  
l.785   \expandable\command{IfQuestionSubtitleTF}
                                                 [\marg{true code}\marg{fals...


[10]

! LaTeX Error: Something's wrong--perhaps a missing \item.

See the LaTeX manual or LaTeX Companion for explanation.
Type  H <return>  for immediate help.
 ...                                              
                                                  
l.863 \end{options}
                   

Overfull \hbox (80.62132pt too wide) in paragraph at lines 845--863
[]\T1/lmtt/m/n/10.95 name\T1/lmr/m/n/10.95 (-20) =$\OMS/lmsy/m/n/10.95 h$\T1/lm
r/m/it/10.95 (-20) name$\OMS/lmsy/m/n/10.95 i$\T1/lmr/m/n/10.95 (-20) [\T1/lmr/
m/it/10.95 (-20) solution\T1/lmr/m/n/10.95 (-20) ]\T1/lmr/m/it/10.95 (-20) Defa
ult: \T1/lmtt/m/n/10.95 D\T1/lmr/m/n/10.95 (-20) efine um nome per-so-na-li-zad
o. \T1/lmtt/m/n/10.95 print\T1/lmr/m/n/10.95 (-20) =$\OMS/lmsy/m/n/10.95 h$\T1/
lmr/m/it/10.95 (-20) true|false$\OMS/lmsy/m/n/10.95 i$\T1/lmr/m/n/10.95 (-20) [
\T1/lmr/m/it/10.95 (-20) solution\T1/lmr/m/n/10.95 (-20) ]\T1/lmr/m/it/10.95 (-
20) Default:

Overfull \hbox (44.34369pt too wide) in paragraph at lines 845--863
\T1/lmtt/m/n/10.95 false \T1/lmr/m/n/10.95 (-20) Im-prime ou oculta a so-lu-Á„o
. \T1/lmtt/m/n/10.95 skip-below\T1/lmr/m/n/10.95 (-20) =$\OMS/lmsy/m/n/10.95 h$
\T1/lmr/m/it/10.95 (-20) dim$\OMS/lmsy/m/n/10.95 i$\T1/lmr/m/n/10.95 (-20) [\T1
/lmr/m/it/10.95 (-20) solution\T1/lmr/m/n/10.95 (-20) ]\T1/lmr/m/it/10.95 (-20)
 Default: \T1/lmtt/m/n/10.95 .5\baselineskip

Overfull \hbox (122.22394pt too wide) in paragraph at lines 845--863
\T1/lmr/m/n/10.95 (-20) De-fine o es-paÁo ver-ti-cal que È in-se-rido apÛs o am
-bi-ente so-lu-tion. \T1/lmtt/m/n/10.95 no-skip-below\T1/lmr/m/n/10.95 (-20) =$
\OMS/lmsy/m/n/10.95 h$\T1/lmr/m/it/10.95 (-20) true|false$\OMS/lmsy/m/n/10.95 i
$\T1/lmr/m/n/10.95 (-20) [\T1/lmr/m/it/10.95 (-20) solution\T1/lmr/m/n/10.95 (-
20) ]\T1/lmr/m/it/10.95 (-20) Default:

Overfull \hbox (107.44621pt too wide) in paragraph at lines 845--863
\T1/lmtt/m/n/10.95 false \T1/lmr/m/n/10.95 (-20) De-sa-bi-lita a in-ser-Á„o de 
es-paÁo ver-ti-cal apÛs o am-bi-ente so-lu-tion. \T1/lmtt/m/n/10.95 pre-hook\T1
/lmr/m/n/10.95 (-20) =$\OMS/lmsy/m/n/10.95 h$\T1/lmr/m/it/10.95 (-20) code$\OMS
/lmsy/m/n/10.95 i$\T1/lmr/m/n/10.95 (-20) [\T1/lmr/m/it/10.95 (-20) solution\T1
/lmr/m/n/10.95 (-20) ]\T1/lmr/m/it/10.95 (-20) Default:

Overfull \hbox (56.53209pt too wide) in paragraph at lines 845--863
\T1/lmr/m/n/10.95 (-20) 0.16Adi-ci-ona $\OMS/lmsy/m/n/10.95 h$\T1/lmr/m/it/10.9
5 (-20) code$\OMS/lmsy/m/n/10.95 i$ \T1/lmr/m/n/10.95 (-20) di-re-ta-mente an-t
es do tÌ-tulo da so-lu-Á„o. \T1/lmtt/m/n/10.95 post-hook\T1/lmr/m/n/10.95 (-20)
 =$\OMS/lmsy/m/n/10.95 h$\T1/lmr/m/it/10.95 (-20) code$\OMS/lmsy/m/n/10.95 i$\T
1/lmr/m/n/10.95 (-20) [\T1/lmr/m/it/10.95 (-20) solution\T1/lmr/m/n/10.95 (-20)
 ]\T1/lmr/m/it/10.95 (-20) Default:

Overfull \hbox (28.7676pt too wide) in paragraph at lines 845--863
\T1/lmr/m/n/10.95 (-20) 0.16Adi-ci-ona $\OMS/lmsy/m/n/10.95 h$\T1/lmr/m/it/10.9
5 (-20) code$\OMS/lmsy/m/n/10.95 i$ \T1/lmr/m/n/10.95 (-20) di-re-ta-mente apÛs
 a so-lu-Á„o. \T1/lmtt/m/n/10.95 pre-body-hook\T1/lmr/m/n/10.95 (-20) =$\OMS/lm
sy/m/n/10.95 h$\T1/lmr/m/it/10.95 (-20) code$\OMS/lmsy/m/n/10.95 i$\T1/lmr/m/n/
10.95 (-20) [\T1/lmr/m/it/10.95 (-20) solution\T1/lmr/m/n/10.95 (-20) ]\T1/lmr/
m/it/10.95 (-20) Default:

Overfull \hbox (85.60962pt too wide) in paragraph at lines 845--863
\T1/lmr/m/n/10.95 (-20) 0.16Adi-ci-ona $\OMS/lmsy/m/n/10.95 h$\T1/lmr/m/it/10.9
5 (-20) code$\OMS/lmsy/m/n/10.95 i$ \T1/lmr/m/n/10.95 (-20) di-re-ta-mente an-t
es do corpo da so-lu-Á„o. \T1/lmtt/m/n/10.95 post-body-hook\T1/lmr/m/n/10.95 (-
20) =$\OMS/lmsy/m/n/10.95 h$\T1/lmr/m/it/10.95 (-20) code$\OMS/lmsy/m/n/10.95 i
$\T1/lmr/m/n/10.95 (-20) [\T1/lmr/m/it/10.95 (-20) solution\T1/lmr/m/n/10.95 (-
20) ]\T1/lmr/m/it/10.95 (-20) Default:

[11]
[12]
! Undefined control sequence.
<recently read> \sarg 
                      
l.943   \command{addpoints}[\sarg
                                 \marg{num}]
! Undefined control sequence.
<recently read> \sarg 
                      
l.946 ...a de todos os pontos, \cs{addpoints}\sarg
                                                  \ apenas os adicionar√° ma...

! Undefined control sequence.
<recently read> \sarg 
                      
l.948   \command{points}[\sarg
                              \marg{num}]
! Undefined control sequence.
<recently read> \sarg 
                      
l.951   \command{addbonus}[\sarg
                                \marg{num}]
! Undefined control sequence.
<recently read> \sarg 
                      
l.954 ...odos os pontos b√¥nus, \cs{addbonus}\sarg
                                                  \ apenas os adicionar√° mas
! Undefined control sequence.
<recently read> \sarg 
                      
l.956   \command{bonus}[\sarg
                             \marg{num}]
! Undefined control sequence.
<recently read> \sarg 
                      
l.959   \command{pointssum}[\sarg
                                 ]
! Undefined control sequence.
<recently read> \sarg 
                      
l.962   \command{currentpointssum}[\sarg
                                        ]
! Undefined control sequence.
<recently read> \sarg 
                      
l.965   \command{bonussum}[\sarg
                                ]
! Undefined control sequence.
<recently read> \sarg 
                      
l.968   \command{currentbonussum}[\sarg
                                       ]
! Undefined control sequence.
<recently read> \sarg 
                      
l.971   \command{totalpoints}[\sarg
                                   ]

[13]
! Undefined control sequence.
l.1027 ...√£o permite formata√ß√£o do n√∫mero, \eg
                                                  , it√°lico:
! Undefined control sequence.
l.1030 ...a√ß√£o do n√∫mero dos pontos b√¥nus, \eg
                                                  ,

! LaTeX Error: Something's wrong--perhaps a missing \item.

See the LaTeX manual or LaTeX Companion for explanation.
Type  H <return>  for immediate help.
 ...                                              
                                                  
l.1045 \end{options}
                    

Overfull \hbox (48.99805pt too wide) in paragraph at lines 1004--1045
\T1/lmtt/m/n/10.95 \pointssum \T1/lmr/m/n/10.95 (-20) e \T1/lmtt/m/n/10.95 \bon
ussum \T1/lmr/m/n/10.95 (-20) n„o sa-be-r„o seu va-lor. \T1/lmtt/m/n/10.95 sepa
rate-bonus\T1/lmr/m/n/10.95 (-20) =$\OMS/lmsy/m/n/10.95 h$\T1/lmr/m/it/10.95 (-
20) true|false$\OMS/lmsy/m/n/10.95 i$\T1/lmr/m/n/10.95 (-20) [\T1/lmr/m/it/10.9
5 (-20) points\T1/lmr/m/n/10.95 (-20) ]\T1/lmr/m/it/10.95 (-20) Default:

Overfull \hbox (3.5866pt too wide) in paragraph at lines 1004--1045
\T1/lmr/m/n/10.95 (-20) tos bÙ-nus quando eles se-guem pon-tos nor-mais. \T1/lm
tt/m/n/10.95 post-bonus\T1/lmr/m/n/10.95 (-20) =$\OMS/lmsy/m/n/10.95 h$\T1/lmr/
m/it/10.95 (-20) tokens$\OMS/lmsy/m/n/10.95 i$\T1/lmr/m/n/10.95 (-20) [\T1/lmr/
m/it/10.95 (-20) points\T1/lmr/m/n/10.95 (-20) ]\T1/lmr/m/it/10.95 (-20) Defaul
t:

[14]

! LaTeX Error: Invalid UTF-8 byte sequence (√\lst@EC¢).

See the LaTeX manual or LaTeX Companion for explanation.
Type  H <return>  for immediate help.
 ...                                              
                                                  
l.1071   % no pre√¢mbulo
                        

! LaTeX Error: Something's wrong--perhaps a missing \item.

See the LaTeX manual or LaTeX Companion for explanation.
Type  H <return>  for immediate help.
 ...                                              
                                                  
l.1078   \expandable\command{PrintSolutionsTF}
                                              [\marg{true code}\marg{false c...

! Undefined control sequence.
l.1080 ... solu√ß√µes serem impressas ou n√£o, \ie
                                                  , do valor da
! Undefined control sequence.
l.1085 ... solu√ß√µes serem impressas ou n√£o, \ie
                                                  , do valor da op√ß√£o
! Undefined control sequence.
l.1090 ... solu√ß√µes serem impressas ou n√£o, \ie
                                                  , do valor da

[15]
! Undefined control sequence.
<recently read> \Oarg 
                      
l.1126 \cs{printsolutions}\Oarg
                               {all} (que √© o mesmo que us√°-lo sem op√ß√£o):

Overfull \hbox (39.81403pt too wide) in paragraph at lines 1125--1127
[]\T1/lmr/m/n/10.95 (-20) Duas op-Áıes per-mi-tem adi-ci-o-nar cÛ-digo ‡ lista 
de so-lu-Áıes quando usa-das com \T1/lmtt/m/n/10.95 \printsolutions\T1/lmr/m/n/
10.95 (-20) all

! LaTeX Error: Something's wrong--perhaps a missing \item.

See the LaTeX manual or LaTeX Companion for explanation.
Type  H <return>  for immediate help.
 ...                                              
                                                  
l.1137 \end{options}
                    

[16]
! Undefined control sequence.
l.1175 um intervalo aberto, \eg
                               , algo como

! LaTeX Error: Invalid UTF-8 byte sequence (√\lst@EC¢).

See the LaTeX manual or LaTeX Companion for explanation.
Type  H <return>  for immediate help.
 ...                                              
                                                  
l.1187   % no pre√¢mbulo:
                         

! LaTeX Error: Invalid UTF-8 byte sequence (√\lst@EC≥).

See the LaTeX manual or LaTeX Companion for explanation.
Type  H <return>  for immediate help.
 ...                                              
                                                  
l.1189   % em algum lugar do seu c√≥digo 
                                         ap√≥s \section{Um t√≠tulo de se√ß√£...


! LaTeX Error: Invalid UTF-8 byte sequence (√\lst@EC≥).

See the LaTeX manual or LaTeX Companion for explanation.
Type  H <return>  for immediate help.
 ...                                              
                                                  
l.1189   % em algum lugar do seu c√≥digo ap√≥s 
                                               \section{Um t√≠tulo de se√ß√£...


! LaTeX Error: Invalid UTF-8 byte sequence (√\lst@EC≠).

See the LaTeX manual or LaTeX Companion for explanation.
Type  H <return>  for immediate help.
 ...                                              
                                                  
l.1189 ...o seu c√≥digo ap√≥s \section{Um t√≠tulo 
                                                  de se√ß√£o realmente legal}:

! LaTeX Error: Invalid UTF-8 byte sequence (√\lst@ECß).

See the LaTeX manual or LaTeX Companion for explanation.
Type  H <return>  for immediate help.
 ...                                              
                                                  
l.1189 ...go ap√≥s \section{Um t√≠tulo de se√ß√£o 
                                                  realmente legal}:

! LaTeX Error: Invalid UTF-8 byte sequence (√\lst@EC£).

See the LaTeX manual or LaTeX Companion for explanation.
Type  H <return>  for immediate help.
 ...                                              
                                                  
l.1189 ...go ap√≥s \section{Um t√≠tulo de se√ß√£o 
                                                  realmente legal}:

! LaTeX Error: Invalid UTF-8 byte sequence (√\lst@EC≥).

See the LaTeX manual or LaTeX Companion for explanation.
Type  H <return>  for immediate help.
 ...                                              
                                                  
l.1191 ...algum lugar mais adiante no seu c√≥digo:
                                                  

! LaTeX Error: Invalid UTF-8 byte sequence (√\lst@EC°).

See the LaTeX manual or LaTeX Companion for explanation.
Type  H <return>  for immediate help.
 ...                                              
                                                  
l.1193   % que imprimir√° 
                          todas as solu√ß√µes de quest√µes at√© e

! LaTeX Error: Invalid UTF-8 byte sequence (√\lst@ECß).

See the LaTeX manual or LaTeX Companion for explanation.
Type  H <return>  for immediate help.
 ...                                              
                                                  
l.1193   % que imprimir√° todas as solu√ß√µes 
                                              de quest√µes at√© e

! LaTeX Error: Invalid UTF-8 byte sequence (√\lst@ECµ).

See the LaTeX manual or LaTeX Companion for explanation.
Type  H <return>  for immediate help.
 ...                                              
                                                  
l.1193   % que imprimir√° todas as solu√ß√µes 
                                              de quest√µes at√© e

! LaTeX Error: Invalid UTF-8 byte sequence (√\lst@ECµ).

See the LaTeX manual or LaTeX Companion for explanation.
Type  H <return>  for immediate help.
 ...                                              
                                                  
l.1193 ...imir√° todas as solu√ß√µes de quest√µes 
                                                  at√© e

! LaTeX Error: Invalid UTF-8 byte sequence (√\lst@EC©).

See the LaTeX manual or LaTeX Companion for explanation.
Type  H <return>  for immediate help.
 ...                                              
                                                  
l.1193 ...° todas as solu√ß√µes de quest√µes at√© 
                                                  e

! LaTeX Error: Invalid UTF-8 byte sequence (√\lst@ECß).

See the LaTeX manual or LaTeX Companion for explanation.
Type  H <return>  for immediate help.
 ...                                              
                                                  
l.1194   % incluindo a se√ß√£o 
                               realmente legal

! LaTeX Error: Invalid UTF-8 byte sequence (√\lst@EC£).

See the LaTeX manual or LaTeX Companion for explanation.
Type  H <return>  for immediate help.
 ...                                              
                                                  
l.1194   % incluindo a se√ß√£o 
                               realmente legal

[17]

! LaTeX Error: Invalid UTF-8 byte sequence (√\lst@EC¢).

See the LaTeX manual or LaTeX Companion for explanation.
Type  H <return>  for immediate help.
 ...                                              
                                                  
l.1210   % no pre√¢mbulo:
                         

! LaTeX Error: Invalid UTF-8 byte sequence (√\lst@EC≥).

See the LaTeX manual or LaTeX Companion for explanation.
Type  H <return>  for immediate help.
 ...                                              
                                                  
l.1212   % em algum lugar do seu c√≥digo 
                                         ap√≥s \section{Um t√≠tulo de se√ß√£...


! LaTeX Error: Invalid UTF-8 byte sequence (√\lst@EC≥).

See the LaTeX manual or LaTeX Companion for explanation.
Type  H <return>  for immediate help.
 ...                                              
                                                  
l.1212   % em algum lugar do seu c√≥digo ap√≥s 
                                               \section{Um t√≠tulo de se√ß√£...


! LaTeX Error: Invalid UTF-8 byte sequence (√\lst@EC≠).

See the LaTeX manual or LaTeX Companion for explanation.
Type  H <return>  for immediate help.
 ...                                              
                                                  
l.1212 ...o seu c√≥digo ap√≥s \section{Um t√≠tulo 
                                                  de se√ß√£o realmente legal}:

! LaTeX Error: Invalid UTF-8 byte sequence (√\lst@ECß).

See the LaTeX manual or LaTeX Companion for explanation.
Type  H <return>  for immediate help.
 ...                                              
                                                  
l.1212 ...go ap√≥s \section{Um t√≠tulo de se√ß√£o 
                                                  realmente legal}:

! LaTeX Error: Invalid UTF-8 byte sequence (√\lst@EC£).

See the LaTeX manual or LaTeX Companion for explanation.
Type  H <return>  for immediate help.
 ...                                              
                                                  
l.1212 ...go ap√≥s \section{Um t√≠tulo de se√ß√£o 
                                                  realmente legal}:

! LaTeX Error: Invalid UTF-8 byte sequence (√\lst@EC≥).

See the LaTeX manual or LaTeX Companion for explanation.
Type  H <return>  for immediate help.
 ...                                              
                                                  
l.1214 ...algum lugar mais adiante no seu c√≥digo:
                                                  

! LaTeX Error: Invalid UTF-8 byte sequence (√\lst@EC°).

See the LaTeX manual or LaTeX Companion for explanation.
Type  H <return>  for immediate help.
 ...                                              
                                                  
l.1216   % que imprimir√° 
                          todas as solu√ß√µes de quest√µes at√© e

! LaTeX Error: Invalid UTF-8 byte sequence (√\lst@ECß).

See the LaTeX manual or LaTeX Companion for explanation.
Type  H <return>  for immediate help.
 ...                                              
                                                  
l.1216   % que imprimir√° todas as solu√ß√µes 
                                              de quest√µes at√© e

! LaTeX Error: Invalid UTF-8 byte sequence (√\lst@ECµ).

See the LaTeX manual or LaTeX Companion for explanation.
Type  H <return>  for immediate help.
 ...                                              
                                                  
l.1216   % que imprimir√° todas as solu√ß√µes 
                                              de quest√µes at√© e

! LaTeX Error: Invalid UTF-8 byte sequence (√\lst@ECµ).

See the LaTeX manual or LaTeX Companion for explanation.
Type  H <return>  for immediate help.
 ...                                              
                                                  
l.1216 ...imir√° todas as solu√ß√µes de quest√µes 
                                                  at√© e

! LaTeX Error: Invalid UTF-8 byte sequence (√\lst@EC©).

See the LaTeX manual or LaTeX Companion for explanation.
Type  H <return>  for immediate help.
 ...                                              
                                                  
l.1216 ...° todas as solu√ß√µes de quest√µes at√© 
                                                  e

! LaTeX Error: Invalid UTF-8 byte sequence (√\lst@ECß).

See the LaTeX manual or LaTeX Companion for explanation.
Type  H <return>  for immediate help.
 ...                                              
                                                  
l.1217   % incluindo a se√ß√£o 
                               realmente legal

! LaTeX Error: Invalid UTF-8 byte sequence (√\lst@EC£).

See the LaTeX manual or LaTeX Companion for explanation.
Type  H <return>  for immediate help.
 ...                                              
                                                  
l.1217   % incluindo a se√ß√£o 
                               realmente legal

LaTeX Font Warning: Font shape `T1/lmss/bx/sc' undefined
(Font)              using `T1/lmss/bx/n' instead on input line 1222.


! LaTeX Error: Something's wrong--perhaps a missing \item.

See the LaTeX manual or LaTeX Companion for explanation.
Type  H <return>  for immediate help.
 ...                                              
                                                  
l.1229   \expandable\command{CurrentQuestionID}
                                               

! LaTeX Error: Something's wrong--perhaps a missing \item.

See the LaTeX manual or LaTeX Companion for explanation.
Type  H <return>  for immediate help.
 ...                                              
                                                  
l.1230     \sinceversion{0.4a}
                              Expande para o \acs{id} da quest√£o atual.

! LaTeX Error: Something's wrong--perhaps a missing \item.

See the LaTeX manual or LaTeX Companion for explanation.
Type  H <return>  for immediate help.
 ...                                              
                                                  
l.1235 \end{options}
                    

[18]

! LaTeX Error: Something's wrong--perhaps a missing \item.

See the LaTeX manual or LaTeX Companion for explanation.
Type  H <return>  for immediate help.
 ...                                              
                                                  
l.1266 \end{options}
                    

! LaTeX Error: Something's wrong--perhaps a missing \item.

See the LaTeX manual or LaTeX Companion for explanation.
Type  H <return>  for immediate help.
 ...                                              
                                                  
l.1278 \end{options}
                    

! LaTeX Error: Something's wrong--perhaps a missing \item.

See the LaTeX manual or LaTeX Companion for explanation.
Type  H <return>  for immediate help.
 ...                                              
                                                  
l.1305 \end{options}
                    

[19]
[20]
Overfull \hbox (29.92676pt too wide) in paragraph at lines 1365--1369
\T1/lmr/m/n/10.95 (-20) ¿s ve-zes pode ser de-se-j·-vel re-cu-pe-rar o va-lor d
e uma classe de-fi-nida por \T1/lmtt/m/n/10.95 \DeclareQuestionClass

! LaTeX Error: Something's wrong--perhaps a missing \item.

See the LaTeX manual or LaTeX Companion for explanation.
Type  H <return>  for immediate help.
 ...                                              
                                                  
l.1369   \expandable\command{GetQuestionClass}
                                              [\marg{class}]

! LaTeX Error: Something's wrong--perhaps a missing \item.

See the LaTeX manual or LaTeX Companion for explanation.
Type  H <return>  for immediate help.
 ...                                              
                                                  
l.1409 \end{options}
                    

[21]

LaTeX Warning: Citation 'companion' on page 22 undefined on input line 1491.


LaTeX Warning: Citation 'knuth:ct:a' on page 22 undefined on input line 1497.


LaTeX Warning: Citation 'knuth:ct:b' on page 22 undefined on input line 1497.


LaTeX Warning: Citation 'knuth:ct:c' on page 22 undefined on input line 1497.


LaTeX Warning: Citation 'knuth:ct:d' on page 22 undefined on input line 1497.


LaTeX Warning: Citation 'knuth:ct:e' on page 22 undefined on input line 1497.


Overfull \hbox (6.32758pt too wide) in paragraph at lines 1484--1501
 [] 

[22]

! LaTeX Error: Something's wrong--perhaps a missing \item.

See the LaTeX manual or LaTeX Companion for explanation.
Type  H <return>  for immediate help.
 ...                                              
                                                  
l.1541 \end{options}
                    

[23]

! LaTeX Error: Invalid UTF-8 byte sequence (√\lst@EC£).

See the LaTeX manual or LaTeX Companion for explanation.
Type  H <return>  for immediate help.
 ...                                              
                                                  
l.1565     Quest√£o 
                    &

[24]
! Undefined control sequence.
<recently read> \sarg 
                      
l.1665   \command{grade}[\sarg
                              \marg{grade}]

! LaTeX Error: Something's wrong--perhaps a missing \item.

See the LaTeX manual or LaTeX Companion for explanation.
Type  H <return>  for immediate help.
 ...                                              
                                                  
l.1677 \end{options}
                    

[25{c:/texlive/2025/texmf-dist/fonts/enc/dvips/lm/lm-rm.enc}]

! LaTeX Error: Invalid UTF-8 byte sequence (√\lst@EC©).

See the LaTeX manual or LaTeX Companion for explanation.
Type  H <return>  for immediate help.
 ...                                              
                                                  
l.1695   % este √© 
                   o arquivo classA.tex

! LaTeX Error: Invalid UTF-8 byte sequence (√\lst@EC£).

See the LaTeX manual or LaTeX Companion for explanation.
Type  H <return>  for immediate help.
 ...                                              
                                                  
l.1697     Primeira quest√£o 
                             da classe A, t√≥pico X.

! LaTeX Error: Invalid UTF-8 byte sequence (√\lst@EC≥).

See the LaTeX manual or LaTeX Companion for explanation.
Type  H <return>  for immediate help.
 ...                                              
                                                  
l.1697     Primeira quest√£o da classe A, t√≥pico 
                                                  X.

! LaTeX Error: Invalid UTF-8 byte sequence (√\lst@ECß).

See the LaTeX manual or LaTeX Companion for explanation.
Type  H <return>  for immediate help.
 ...                                              
                                                  
l.1700     Primeira solu√ß√£o 
                              da classe A.

! LaTeX Error: Invalid UTF-8 byte sequence (√\lst@EC£).

See the LaTeX manual or LaTeX Companion for explanation.
Type  H <return>  for immediate help.
 ...                                              
                                                  
l.1700     Primeira solu√ß√£o 
                              da classe A.

! LaTeX Error: Invalid UTF-8 byte sequence (√\lst@EC£).

See the LaTeX manual or LaTeX Companion for explanation.
Type  H <return>  for immediate help.
 ...                                              
                                                  
l.1703     Segunda quest√£o 
                            da classe A, t√≥pico Y.

! LaTeX Error: Invalid UTF-8 byte sequence (√\lst@EC≥).

See the LaTeX manual or LaTeX Companion for explanation.
Type  H <return>  for immediate help.
 ...                                              
                                                  
l.1703     Segunda quest√£o da classe A, t√≥pico 
                                                 Y.

! LaTeX Error: Invalid UTF-8 byte sequence (√\lst@ECß).

See the LaTeX manual or LaTeX Companion for explanation.
Type  H <return>  for immediate help.
 ...                                              
                                                  
l.1706     Segunda solu√ß√£o 
                             da classe A.

! LaTeX Error: Invalid UTF-8 byte sequence (√\lst@EC£).

See the LaTeX manual or LaTeX Companion for explanation.
Type  H <return>  for immediate help.
 ...                                              
                                                  
l.1706     Segunda solu√ß√£o 
                             da classe A.

! LaTeX Error: Something's wrong--perhaps a missing \item.

See the LaTeX manual or LaTeX Companion for explanation.
Type  H <return>  for immediate help.
 ...                                              
                                                  
l.1732 \end{options}
                    

[26]

! LaTeX Error: Invalid UTF-8 byte sequence (√\lst@ECµ).

See the LaTeX manual or LaTeX Companion for explanation.
Type  H <return>  for immediate help.
 ...                                              
                                                  
l.1736   % incluir quest√µes 
                             A1, A3 e A4:

! LaTeX Error: Invalid UTF-8 byte sequence (√\lst@ECµ).

See the LaTeX manual or LaTeX Companion for explanation.
Type  H <return>  for immediate help.
 ...                                              
                                                  
l.1738   % ou incluir 3 quest√µes 
                                  aleat√≥rias:

! LaTeX Error: Invalid UTF-8 byte sequence (√\lst@EC≥).

See the LaTeX manual or LaTeX Companion for explanation.
Type  H <return>  for immediate help.
 ...                                              
                                                  
l.1738   % ou incluir 3 quest√µes aleat√≥rias:
                                              

! LaTeX Error: Something's wrong--perhaps a missing \item.

See the LaTeX manual or LaTeX Companion for explanation.
Type  H <return>  for immediate help.
 ...                                              
                                                  
l.1793 \end{options}
                    

[27]
Overfull \hbox (9.46043pt too wide) in paragraph at lines 1805--1808
[]\T1/lmr/m/n/10.95 (-20) [{$\OMS/lmsy/m/n/10.95 h$\T1/lmr/m/it/10.95 (-20) que
stion$\OMS/lmsy/m/n/10.95 i$\T1/lmr/m/n/10.95 (-20) }[$\OMS/lmsy/m/n/10.95 h$\T
1/lmr/m/it/10.95 (-20) question op-ti-ons$\OMS/lmsy/m/n/10.95 i$\T1/lmr/m/n/10.
95 (-20) ][$\OMS/lmsy/m/n/10.95 h$\T1/lmr/m/it/10.95 (-20) general op-ti-ons$\O
MS/lmsy/m/n/10.95 i$\T1/lmr/m/n/10.95 (-20) ]{$\OMS/lmsy/m/n/10.95 h$\T1/lmr/m/
it/10.95 (-20) solution$\OMS/lmsy/m/n/10.95 i$\T1/lmr/m/n/10.95 (-20) }[$\OMS/l
msy/m/n/10.95 h$\T1/lmr/m/it/10.95 (-20) solution

Overfull \hbox (0.74445pt too wide) in paragraph at lines 1838--1841
|   []|   []|   []|   []|   []|   []|   []|   []|   []|   []|   []|   []|   []|
   []|   []|   []|   []|   []|   []|   []|   []|   []|   []|   []|   []|   []| 
  []|   []|   []|   []|   []|   []|   []|   []|   []|   []|   []|   []|   []|  
 []|   []|   []|   []|   []|   []|   []|   []|   []|   []|   []|   []|   []|   
[]|   []|   []|   []|   []|   []|   []|   []|   []|   []|   []|   []|   []|   [
]|   []|   []|   []|   []|   []|   []|   []|   []|   []|   []|   []|   []|   []
|   []|   []|   []|   []|   []|   []|   []|   []|   []|   []|   []|   []|   []|
   []|   []|   []|   []|   []|   []|   []|   []|   []|   []|   []|   []|   []| 
  []|   []|   []|   []|   []|   []|   []|   []|   []|   []|   []|   []|   []|  
 []|   []|   []|   []|   []|   []|   []|   []|   []|   []|   []|   []|   []|   
[]|   []|   []|   []|   []|   []|   []|   []|   []|   []|   []|   []|   []|   [
]|   []|   []|   []|   []|   []|   []|   []|   []|   []|   []|   []|   []|   []
|   []|   []|   []|   []|   []|   []|   []|   []|   []|   []|   []|   []|   []|
   []|   []|   []|   []|   []|   []|   []|   []|   []|   []|   []|   []|   []| 
  []|   []|   []|   []|   []|   []|   []|   []|   []|   []|   []|   []|   []|  
 []|   []|   []|   []|   []|   []|   []|   []|   []|   []|   []|   []|   []|   
[]|   []|   []|   []|   []|   []|   []|   []|   []|   []|   []|   []|   []|   [
]|   []|   []|   []|   []|   []|   []|   []|   []|   []|   []|   []|   []|   []
|   []|   []|   []|   []|   []|   []|   []|   []|   []|   []|   []|   []|   []|
   []|   []|   []|   []|   []|   []|   []|   []|   []|   []|   []|   []|   []| 
  []|   []|   []|   []|   []|   []|   []|   []|   []|   []|   []|   []|   []|  
 []|   []|   []|   []|   []|   []|   []|   []|   []|   []|   []|   []|   []|   
[]|   []|   []|   []|   []|   []|   []|   []|   []|   []|   []|   []|   []|   [
]|   []|   []|   []|   []|   []|   []|   []|   []|   []|   []|   []|   []|   []
|   []|   []|   []|   []|   []|   []|   []|   []|   []|   []|   []|   []|   []|
   []|   []|   []|   []|   []|   []|   []|   []|   []|   []|   []|   []|   []| 
  []|   []|   []|   []|   []|   []|   []|   []|   []|   []|   []|   []|   []|  
 []|   []|   []|   []|   []|   []|   []|   []|   []|   []|   []|   []|   []|   
[]|   []|   []|   []|   []|   []|   []|   []|   []|   []|   []|   []|   []|   [
]|   []|   []|   []|   []|   []|   []|   []|   []|   []|   []|   []|   []|   []
|   []|   []|   []|   []|   []|   []|   []|   []|   []|   []|   []|   []|   []|
   []|   []|   []|   []|   []|   []|   []|   []|   []|   []|   []

Overfull \hbox (0.74445pt too wide) in paragraph at lines 1838--1841
|   []|   []|   []|   []|   []|   []|   []|   []|   []|   []|   []|   []|   []|
   []|   []|   []|   []|   []|   []|   []|   []|   []|   []|   []|   []|   []| 
  []|   []|   []|   []|   []|   []|   []|   []|   []|   []|   []|   []|   []|  
 []|   []|   []|   []|   []|   []|   []|   []|   []|   []|   []|   []|   []|   
[]|   []|   []|   []|   []|   []|   []|   []|   []|   []|   []|   []|   []|   [
]|   []|   []|   []|   []|   []|   []|   []|   []|   []|   []|   []|   []|   []
|   []|   []|   []|   []|   []|   []|   []|   []|   []|   []|   []|   []|   []|
   []|   []|   []|   []|   []|   []|   []|   []|   []|   []|   []|   []|   []| 
  []|   []|   []|   []|   []|   []|   []|   []|   []|   []|   []|   []|   []|  
 []|   []|   []|   []|   []|   []|   []|   []|   []|   []|   []|   []|   []|   
[]|   []|   []|   []|   []|   []|   []|   []|   []|   []|   []|   []|   []|   [
]|   []|   []|   []|   []|   []|   []|   []|   []|   []|   []|   []|   []|   []
|   []|   []|   []|   []|   []|   []|   []|   []|   []|   []|   []|   []|   []|
   []|   []|   []|   []|   []|   []|   []|   []|   []|   []|   []|   []|   []| 
  []|   []|   []|   []|   []|   []|   []|   []|   []|   []|   []|   []|   []|  
 []|   []|   []|   []|   []|   []|   []|   []|   []|   []|   []|   []|   []|   
[]|   []|   []|   []|   []|   []|   []|   []|   []|   []|   []|   []|   []|   [
]|   []|   []|   []|   []|   []|   []|   []|   []|   []|   []|   []|   []|   []
|   []|   []|   []|   []|   []|   []|   []|   []|   []|   []|   []|   []|   []|
   []|   []|   []|   []|   []|   []|   []|   []|   []|   []|   []|   []|   []| 
  []|   []|   []|   []|   []|   []|   []|   []|   []|   []|   []|   []|   []|  
 []|   []|   []|   []|   []|   []|   []|   []|   []|   []|   []|   []|   []|   
[]|   []|   []|   []|   []|   []|   []|   []|   []|   []|   []|   []|   []|   [
]|   []|   []|   []|   []|   []|   []|   []|   []|   []|   []|   []|   []|   []
|   []|   []|   []|   []|   []|   []|   []|   []|   []|   []|   []|   []|   []|
   []|   []|   []|   []|   []|   []|   []|   []|   []|   []|   []|   []|   []| 
  []|   []|   []|   []|   []|   []|   []|   []|   []|   []|   []|   []|   []|  
 []|   []|   []|   []|   []|   []|   []|   []|   []|   []|   []|   []|   []|   
[]|   []|   []|   []|   []|   []|   []|   []|   []|   []|   []|   []|   []|   [
]|   []|   []|   []|   []|   []|   []|   []|   []|   []|   []|   []|   []|   []
|   []|   []|   []|   []|   []|   []|   []|   []|   []|   []|   []|   []|   []|
   []|   []|   []|   []|   []|   []|   []|   []|   []|   []|   []

Overfull \hbox (0.74445pt too wide) in paragraph at lines 1838--1841
|   []|   []|   []|   []|   []|   []|   []|   []|   []|   []|   []|   []|   []|
   []|   []|   []|   []|   []|   []|   []|   []|   []|   []|   []|   []|   []| 
  []|   []|   []|   []|   []|   []|   []|   []|   []|   []|   []|   []|   []|  
 []|   []|   []|   []|   []|   []|   []|   []|   []|   []|   []|   []|   []|   
[]|   []|   []|   []|   []|   []|   []|   []|   []|   []|   []|   []|   []|   [
]|   []|   []|   []|   []|   []|   []|   []|   []|   []|   []|   []|   []|   []
|   []|   []|   []|   []|   []|   []|   []|   []|   []|   []|   []|   []|   []|
   []|   []|   []|   []|   []|   []|   []|   []|   []|   []|   []|   []|   []| 
  []|   []|   []|   []|   []|   []|   []|   []|   []|   []|   []|   []|   []|  
 []|   []|   []|   []|   []|   []|   []|   []|   []|   []|   []|   []|   []|   
[]|   []|   []|   []|   []|   []|   []|   []|   []|   []|   []|   []|   []|   [
]|   []|   []|   []|   []|   []|   []|   []|   []|   []|   []|   []|   []|   []
|   []|   []|   []|   []|   []|   []|   []|   []|   []|   []|   []|   []|   []|
   []|   []|   []|   []|   []|   []|   []|   []|   []|   []|   []|   []|   []| 
  []|   []|   []|   []|   []|   []|   []|   []|   []|   []|   []|   []|   []|  
 []|   []|   []|   []|   []|   []|   []|   []|   []|   []|   []|   []|   []|   
[]|   []|   []|   []|   []|   []|   []|   []|   []|   []|   []|   []|   []|   [
]|   []|   []|   []|   []|   []|   []|   []|   []|   []|   []|   []|   []|   []
|   []|   []|   []|   []|   []|   []|   []|   []|   []|   []|   []|   []|   []|
   []|   []|   []|   []|   []|   []|   []|   []|   []|   []|   []|   []|   []| 
  []|   []|   []|   []|   []|   []|   []|   []|   []|   []|   []|   []|   []|  
 []|   []|   []|   []|   []|   []|   []|   []|   []|   []|   []|   []|   []|   
[]|   []|   []|   []|   []|   []|   []|   []|   []|   []|   []|   []|   []|   [
]|   []|   []|   []|   []|   []|   []|   []|   []|   []|   []|   []|   []|   []
|   []|   []|   []|   []|   []|   []|   []|   []|   []|   []|   []|   []|   []|
   []|   []|   []|   []|   []|   []|   []|   []|   []|   []|   []|   []|   []| 
  []|   []|   []|   []|   []|   []|   []|   []|   []|   []|   []|   []|   []|  
 []|   []|   []|   []|   []|   []|   []|   []|   []|   []|   []|   []|   []|   
[]|   []|   []|   []|   []|   []|   []|   []|   []|   []|   []|   []|   []|   [
]|   []|   []|   []|   []|   []|   []|   []|   []|   []|   []|   []|   []|   []
|   []|   []|   []|   []|   []|   []|   []|   []|   []|   []|   []|   []|   []|
   []|   []|   []|   []|   []|   []|   []|   []|   []|   []|   []

Overfull \hbox (0.74445pt too wide) in paragraph at lines 1838--1841
|   []|   []|   []|   []|   []|   []|   []|   []|   []|   []|   []|   []|   []|
   []|   []|   []|   []|   []|   []|   []|   []|   []|   []|   []|   []|   []| 
  []|   []|   []|   []|   []|   []|   []|   []|   []|   []|   []|   []|   []|  
 []|   []|   []|   []|   []|   []|   []|   []|   []|   []|   []|   []|   []|   
[]|   []|   []|   []|   []|   []|   []|   []|   []|   []|   []|   []|   []|   [
]|   []|   []|   []|   []|   []|   []|   []|   []|   []|   []|   []|   []|   []
|   []|   []|   []|   []|   []|   []|   []|   []|   []|   []|   []|   []|   []|
   []|   []|   []|   []|   []|   []|   []|   []|   []|   []|   []|   []|   []| 
  []|   []|   []|   []|   []|   []|   []|   []|   []|   []|   []|   []|   []|  
 []|   []|   []|   []|   []|   []|   []|   []|   []|   []|   []|   []|   []|   
[]|   []|   []|   []|   []|   []|   []|   []|   []|   []|   []|   []|   []|   [
]|   []|   []|   []|   []|   []|   []|   []|   []|   []|   []|   []|   []|   []
|   []|   []|   []|   []|   []|   []|   []|   []|   []|   []|   []|   []|   []|
   []|   []|   []|   []|   []|   []|   []|   []|   []|   []|   []|   []|   []| 
  []|   []|   []|   []|   []|   []|   []|   []|   []|   []|   []|   []|   []|  
 []|   []|   []|   []|   []|   []|   []|   []|   []|   []|   []|   []|   []|   
[]|   []|   []|   []|   []|   []|   []|   []|   []|   []|   []|   []|   []|   [
]|   []|   []|   []|   []|   []|   []|   []|   []|   []|   []|   []|   []|   []
|   []|   []|   []|   []|   []|   []|   []|   []|   []|   []|   []|   []|   []|
   []|   []|   []|   []|   []|   []|   []|   []|   []|   []|   []|   []|   []| 
  []|   []|   []|   []|   []|   []|   []|   []|   []|   []|   []|   []|   []|  
 []|   []|   []|   []|   []|   []|   []|   []|   []|   []|   []|   []|   []|   
[]|   []|   []|   []|   []|   []|   []|   []|   []|   []|   []|   []|   []|   [
]|   []|   []|   []|   []|   []|   []|   []|   []|   []|   []|   []|   []|   []
|   []|   []|   []|   []|   []|   []|   []|   []|   []|   []|   []|   []|   []|
   []|   []|   []|   []|   []|   []|   []|   []|   []|   []|   []|   []|   []| 
  []|   []|   []|   []|   []|   []|   []|   []|   []|   []|   []|   []|   []|  
 []|   []|   []|   []|   []|   []|   []|   []|   []|   []|   []|   []|   []|   
[]|   []|   []|   []|   []|   []|   []|   []|   []|   []|   []|   []|   []|   [
]|   []|   []|   []|   []|   []|   []|   []|   []|   []|   []|   []|   []|   []
|   []|   []|   []|   []|   []|   []|   []|   []|   []|   []|   []|   []|   []|
   []|   []|   []|   []|   []|   []|   []|   []|   []|   []|   []

[28]
! Undefined control sequence.
<recently read> \sarg 
                      
l.1843   \command{blank}[\sarg
                              \oarg{options}\marg{text to be filled in}]

! LaTeX Error: Something's wrong--perhaps a missing \item.

See the LaTeX manual or LaTeX Companion for explanation.
Type  H <return>  for immediate help.
 ...                                              
                                                  
l.1874 \end{options}
                    

Overfull \hbox (0.74445pt too wide) in paragraph at lines 1889--1889
[]|   []|   []|   []|   []|   []|   []|   []|   []|   []|   []|   []|   []|   [
]|   []|   []|   []|   []|   []|   []|   []|   []|   []|   []|   []|   []|   []
|   []|   []|   []|   []|   []|   []|   []|   []|   []|   []|   []|   []|   []|
   []|   []|   []|   []|   []|   []|   []|   []|   []|   []|   []|   []|   []| 
  []|   []|   []|   []|   []|   []|   []|   []|   []|   []|   []|   []|   []|  
 []|   []|   []|   []|   []|   []|   []|   []|   []|   []|   []|   []|   []|   
[]|   []|   []|   []|   []|   []|   []|   []|   []|   []|   []|   []|   []|   [
]|   []|   []|   []|   []|   []|   []|   []|   []|   []|   []|   []|   []|   []
|   []|   []|   []|   []|   []|   []|   []|   []|   []|   []|   []|   []|   []|
   []|   []|   []|   []|   []|   []|   []|   []|   []|   []|   []|   []|   []| 
  []|   []|   []|   []|   []|   []|   []|   []|   []|   []|   []|   []|   []|  
 []|   []|   []|   []|   []|   []|   []|   []|   []|   []|   []|   []|   []|   
[]|   []|   []|   []|   []|   []|   []|   []|   []|   []|   []|   []|   []|   [
]|   []|   []|   []|   []|   []|   []|   []|   []|   []|   []|   []|   []|   []
|   []|   []|   []|   []|   []|   []|   []|   []|   []|   []|   []|   []|   []|
   []|   []|   []|   []|   []|   []|   []|   []|   []|   []|   []|   []|   []| 
  []|   []|   []|   []|   []|   []|   []|   []|   []|   []|   []|   []|   []|  
 []|   []|   []|   []|   []|   []|   []|   []|   []|   []|   []|   []|   []|   
[]|   []|   []|   []|   []|   []|   []|   []|   []|   []|   []|   []|   []|   [
]|   []|   []|   []|   []|   []|   []|   []|   []|   []|   []|   []|   []|   []
|   []|   []|   []|   []|   []|   []|   []|   []|   []|   []|   []|   []|   []|
   []|   []|   []|   []|   []|   []|   []|   []|   []|   []|   []|   []|   []| 
  []|   []|   []|   []|   []|   []|   []|   []|   []|   []|   []|   []|   []|  
 []|   []|   []|   []|   []|   []|   []|   []|   []|   []|   []|   []|   []|   
[]|   []|   []|   []|   []|   []|   []|   []|   []|   []|   []|   []|   []|   [
]|   []|   []|   []|   []|   []|   []|   []|   []|   []|   []|   []|   []|   []
|   []|   []|   []|   []|   []|   []|   []|   []|   []|   []|   []|   []|   []|
   []|   []|   []|   []|   []|   []|   []|   []|   []|   []|   []|   []|   []| 
  []|   []|   []|   []|   []|   []|   []|   []|   []|   []|   []|   []|   []|  
 []|   []|   []|   []|   []|   []|   []|   []|   []|   []|   []|   []|   []|   
[]|   []|   []|   []|   []

Overfull \hbox (0.74445pt too wide) in paragraph at lines 1889--1889
|   []|   []|   []|   []|   []|   []|   []|   []|   []|   []|   []|   []|   []|
   []|   []|   []|   []|   []|   []|   []|   []|   []|   []|   []|   []|   []| 
  []|   []|   []|   []|   []|   []|   []|   []|   []|   []|   []|   []|   []|  
 []|   []|   []|   []|   []|   []|   []|   []|   []|   []|   []|   []|   []|   
[]|   []|   []|   []|   []|   []|   []|   []|   []|   []|   []|   []|   []|   [
]|   []|   []|   []|   []|   []|   []|   []|   []|   []|   []|   []|   []|   []
|   []|   []|   []|   []|   []|   []|   []|   []|   []|   []|   []|   []|   []|
   []|   []|   []|   []|   []|   []|   []|   []|   []|   []|   []|   []|   []| 
  []|   []|   []|   []|   []|   []|   []|   []|   []|   []|   []|   []|   []|  
 []|   []|   []|   []|   []|   []|   []|   []|   []|   []|   []|   []|   []|   
[]|   []|   []|   []|   []|   []|   []|   []|   []|   []|   []|   []|   []|   [
]|   []|   []|   []|   []|   []|   []|   []|   []|   []|   []|   []|   []|   []
|   []|   []|   []|   []|   []|   []|   []|   []|   []|   []|   []|   []|   []|
   []|   []|   []|   []|   []|   []|   []|   []|   []|   []|   []|   []|   []| 
  []|   []|   []|   []|   []|   []|   []|   []|   []|   []|   []|   []|   []|  
 []|   []|   []|   []|   []|   []|   []|   []|   []|   []|   []|   []|   []|   
[]|   []|   []|   []|   []|   []|   []|   []|   []|   []|   []|   []|   []|   [
]|   []|   []|   []|   []|   []|   []|   []|   []|   []|   []|   []|   []|   []
|   []|   []|   []|   []|   []|   []|   []|   []|   []|   []|   []|   []|   []|
   []|   []|   []|   []|   []|   []|   []|   []|   []|   []|   []|   []|   []| 
  []|   []|   []|   []|   []|   []|   []|   []|   []|   []|   []|   []|   []|  
 []|   []|   []|   []|   []|   []|   []|   []|   []|   []|   []|   []|   []|   
[]|   []|   []|   []|   []|   []|   []|   []|   []|   []|   []|   []|   []|   [
]|   []|   []|   []|   []|   []|   []|   []|   []|   []|   []|   []|   []|   []
|   []|   []|   []|   []|   []|   []|   []|   []|   []|   []|   []|   []|   []|
   []|   []|   []|   []|   []|   []|   []|   []|   []|   []|   []|   []|   []| 
  []|   []|   []|   []|   []|   []|   []|   []|   []|   []|   []|   []|   []|  
 []|   []|   []|   []|   []|   []|   []|   []|   []|   []|   []|   []|   []|   
[]|   []|   []|   []|   []|   []|   []|   []|   []|   []|   []|   []|   []|   [
]|   []|   []|   []|   []|   []|   []|   []|   []|   []|   []|   []|   []|   []
|   []|   []|   []|   []

Overfull \hbox (0.74445pt too wide) in paragraph at lines 1889--1889
|   []|   []|   []|   []|   []|   []|   []|   []|   []|   []|   []|   []|   []|
   []|   []|   []|   []|   []|   []|   []|   []|   []|   []|   []|   []|   []| 
  []|   []|   []|   []|   []|   []|   []|   []|   []|   []|   []|   []|   []|  
 []|   []|   []|   []|   []|   []|   []|   []|   []|   []|   []|   []|   []|   
[]|   []|   []|   []|   []|   []|   []|   []|   []|   []|   []|   []|   []|   [
]|   []|   []|   []|   []|   []|   []|   []|   []|   []|   []|   []|   []|   []
|   []|   []|   []|   []|   []|   []|   []|   []|   []|   []|   []|   []|   []|
   []|   []|   []|   []|   []|   []|   []|   []|   []|   []|   []|   []|   []| 
  []|   []|   []|   []|   []|   []|   []|   []|   []|   []|   []|   []|   []|  
 []|   []|   []|   []|   []|   []|   []|   []|   []|   []|   []|   []|   []|   
[]|   []|   []|   []|   []|   []|   []|   []|   []|   []|   []|   []|   []|   [
]|   []|   []|   []|   []|   []|   []|   []|   []|   []|   []|   []|   []|   []
|   []|   []|   []|   []|   []|   []|   []|   []|   []|   []|   []|   []|   []|
   []|   []|   []|   []|   []|   []|   []|   []|   []|   []|   []|   []|   []| 
  []|   []|   []|   []|   []|   []|   []|   []|   []|   []|   []|   []|   []|  
 []|   []|   []|   []|   []|   []|   []|   []|   []|   []|   []|   []|   []|   
[]|   []|   []|   []|   []|   []|   []|   []|   []|   []|   []|   []|   []|   [
]|   []|   []|   []|   []|   []|   []|   []|   []|   []|   []|   []|   []|   []
|   []|   []|   []|   []|   []|   []|   []|   []|   []|   []|   []|   []|   []|
   []|   []|   []|   []|   []|   []|   []|   []|   []|   []|   []|   []|   []| 
  []|   []|   []|   []|   []|   []|   []|   []|   []|   []|   []|   []|   []|  
 []|   []|   []|   []|   []|   []|   []|   []|   []|   []|   []|   []|   []|   
[]|   []|   []|   []|   []|   []|   []|   []|   []|   []|   []|   []|   []|   [
]|   []|   []|   []|   []|   []|   []|   []|   []|   []|   []|   []|   []|   []
|   []|   []|   []|   []|   []|   []|   []|   []|   []|   []|   []|   []|   []|
   []|   []|   []|   []|   []|   []|   []|   []|   []|   []|   []|   []|   []| 
  []|   []|   []|   []|   []|   []|   []|   []|   []|   []|   []|   []|   []|  
 []|   []|   []|   []|   []|   []|   []|   []|   []|   []|   []|   []|   []|   
[]|   []|   []|   []|   []|   []|   []|   []|   []|   []|   []|   []|   []|   [
]|   []|   []|   []|   []|   []|   []|   []|   []|   []|   []|   []|   []|   []
|   []|   []|   []|   []

Overfull \hbox (0.74445pt too wide) in paragraph at lines 1889--1889
|   []|   []|   []|   []|   []|   []|   []|   []|   []|   []|   []|   []|   []|
   []|   []|   []|   []|   []|   []|   []|   []|   []|   []|   []|   []|   []| 
  []|   []|   []|   []|   []|   []|   []|   []|   []|   []|   []|   []|   []|  
 []|   []|   []|   []|   []|   []|   []|   []|   []|   []|   []|   []|   []|   
[]|   []|   []|   []|   []|   []|   []|   []|   []|   []|   []|   []|   []|   [
]|   []|   []|   []|   []|   []|   []|   []|   []|   []|   []|   []|   []|   []
|   []|   []|   []|   []|   []|   []|   []|   []|   []|   []|   []|   []|   []|
   []|   []|   []|   []|   []|   []|   []|   []|   []|   []|   []|   []|   []| 
  []|   []|   []|   []|   []|   []|   []|   []|   []|   []|   []|   []|   []|  
 []|   []|   []|   []|   []|   []|   []|   []|   []|   []|   []|   []|   []|   
[]|   []|   []|   []|   []|   []|   []|   []|   []|   []|   []|   []|   []|   [
]|   []|   []|   []|   []|   []|   []|   []|   []|   []|   []|   []|   []|   []
|   []|   []|   []|   []|   []|   []|   []|   []|   []|   []|   []|   []|   []|
   []|   []|   []|   []|   []|   []|   []|   []|   []|   []|   []|   []|   []| 
  []|   []|   []|   []|   []|   []|   []|   []|   []|   []|   []|   []|   []|  
 []|   []|   []|   []|   []|   []|   []|   []|   []|   []|   []|   []|   []|   
[]|   []|   []|   []|   []|   []|   []|   []|   []|   []|   []|   []|   []|   [
]|   []|   []|   []|   []|   []|   []|   []|   []|   []|   []|   []|   []|   []
|   []|   []|   []|   []|   []|   []|   []|   []|   []|   []|   []|   []|   []|
   []|   []|   []|   []|   []|   []|   []|   []|   []|   []|   []|   []|   []| 
  []|   []|   []|   []|   []|   []|   []|   []|   []|   []|   []|   []|   []|  
 []|   []|   []|   []|   []|   []|   []|   []|   []|   []|   []|   []|   []|   
[]|   []|   []|   []|   []|   []|   []|   []|   []|   []|   []|   []|   []|   [
]|   []|   []|   []|   []|   []|   []|   []|   []|   []|   []|   []|   []|   []
|   []|   []|   []|   []|   []|   []|   []|   []|   []|   []|   []|   []|   []|
   []|   []|   []|   []|   []|   []|   []|   []|   []|   []|   []|   []|   []| 
  []|   []|   []|   []|   []|   []|   []|   []|   []|   []|   []|   []|   []|  
 []|   []|   []|   []|   []|   []|   []|   []|   []|   []|   []|   []|   []|   
[]|   []|   []|   []|   []|   []|   []|   []|   []|   []|   []|   []|   []|   [
]|   []|   []|   []|   []|   []|   []|   []|   []|   []|   []|   []|   []|   []
|   []|   []|   []|   []

[29]
! Undefined control sequence.
<recently read> \sarg 
                      
l.1900   \command{examspace}[\sarg
                                  \marg{dim}]

Overfull \hbox (21.59067pt too wide) in paragraph at lines 1924--1927
\T1/lmr/m/n/10.95 (-20) isso È fa-cil-mente pos-sÌ-vel usando o pa-cote \T1/lms
s/m/n/10.95 (-20) md-fra-med \T1/lmr/m/n/10.95 (-20) e seu co-mando \T1/lmtt/m/
n/10.95 \surroundwithmdframed\T1/lmr/m/n/10.95 (-20) . 

Overfull \hbox (19.89938pt too wide) in paragraph at lines 1928--1932
[]\T1/lmss/m/n/10.95 (-20) ExSheets \T1/lmr/m/n/10.95 (-20) tam-bÈm for-nece as
 op-Áıes \T1/lmtt/m/n/10.95 pre-hook\T1/lmr/m/n/10.95 (-20) , \T1/lmtt/m/n/10.9
5 post-hook\T1/lmr/m/n/10.95 (-20) , \T1/lmtt/m/n/10.95 pre-body-hook \T1/lmr/m
/n/10.95 (-20) e \T1/lmtt/m/n/10.95 post-body-hook

[30]
[31]
Overfull \hbox (13.09471pt too wide) in paragraph at lines 2029--2032
\T1/lmr/m/n/10.95 (-20) con-tendo $\OMS/lmsy/m/n/10.95 h$\T1/lmr/m/it/10.95 (-2
0) code$\OMS/lmsy/m/n/10.95 i$\T1/lmr/m/n/10.95 (-20) . VocÍ pode se re-fe-rir 
ao \T1/lmr/m/sc/10.95/50ls (-20) id[] \T1/lmr/m/n/10.95 (-20) da ques-t„o atual
 com \T1/lmtt/m/n/10.95 \CurrentQuestionID\T1/lmr/m/n/10.95 (-20) . 

[32]

! LaTeX Error: Invalid UTF-8 byte sequence (√\lst@EC©).

See the LaTeX manual or LaTeX Companion for explanation.
Type  H <return>  for immediate help.
 ...                                              
                                                  
l.2042   \def\s{Este √© 
                        um texto de amostra que usaremos para criar um texto

! LaTeX Error: Invalid UTF-8 byte sequence (√\lst@EC≠).

See the LaTeX manual or LaTeX Companion for explanation.
Type  H <return>  for immediate help.
 ...                                              
                                                  
l.2053   \begin{question}[subtitle=O subt√≠tulo 
                                                da quest√£o]{1}

! LaTeX Error: Invalid UTF-8 byte sequence (√\lst@EC£).

See the LaTeX manual or LaTeX Companion for explanation.
Type  H <return>  for immediate help.
 ...                                              
                                                  
l.2053 ...tion}[subtitle=O subt√≠tulo da quest√£o]
                                                  {1}

! LaTeX Error: Invalid UTF-8 byte sequence (√\lst@ECß).

See the LaTeX manual or LaTeX Companion for explanation.
Type  H <return>  for immediate help.
 ...                                              
                                                  
l.2054     Um cabe√ßalho 
                         `<name>'. \sample

[33]
[34]
[35]
[36]
[37]
[38]
[39]
[40]
[41]
[42]
[43]

LaTeX Font Warning: Font shape `T1/lmr/bx/sc' undefined
(Font)              using `T1/lmr/bx/n' instead on input line 2505.


LaTeX Font Warning: Font shape `T1/lmr/m/scit' undefined
(Font)              using `T1/lmr/m/scsl' instead on input line 2505.


[44]

LaTeX Font Warning: Font shape `T1/lmr/m/scit' undefined
(Font)              using `T1/lmr/m/scsl' instead on input line 2531.


[45]
part III.

LaTeX Warning: Citation 'tex.sx:131546' on page 46 undefined on input line 2572
.


LaTeX Warning: Citation 'tex.sx:133907' on page 46 undefined on input line 2574
.


Overfull \hbox (1.28772pt too wide) in paragraph at lines 2578--2586
\T1/lmr/m/n/10.95 (-20) xi-liar ˙nico -- ques-tıes em \T1/lmtt/m/n/10.95 \jobna
me-ex$\OMS/lmsy/m/n/10.95 h$\T1/lmtt/m/it/10.95 num$\OMS/lmsy/m/n/10.95 i$\T1/l
mtt/m/n/10.95 .lst \T1/lmr/m/n/10.95 (-20) e so-lu-Áıes em \T1/lmtt/m/n/10.95 \
jobname-sol$\OMS/lmsy/m/n/10.95 h$\T1/lmtt/m/it/10.95 num$\OMS/lmsy/m/n/10.95 i
$\T1/lmtt/m/n/10.95 .lst

[46]

! Package Listings Error: Couldn't load requested style.

See the Listings package documentation for explanation.
Type  H <return>  for immediate help.
 ...                                              
                                                  
l.2613   \end{lstquestion}
                          

! Package Listings Error: style cnltx undefined.

See the Listings package documentation for explanation.
Type  H <return>  for immediate help.
 ...                                              
                                                  
l.2613   \end{lstquestion}
                          

! Package Listings Error: Couldn't load requested style.

See the Listings package documentation for explanation.
Type  H <return>  for immediate help.
 ...                                              
                                                  
l.2613   \end{lstquestion}
                          

! Package Listings Error: style cnltx undefined.

See the Listings package documentation for explanation.
Type  H <return>  for immediate help.
 ...                                              
                                                  
l.2613   \end{lstquestion}
                          
(./exsheets_en-ex1.lst)

! LaTeX Error: Something's wrong--perhaps a missing \item.

See the LaTeX manual or LaTeX Companion for explanation.
Type  H <return>  for immediate help.
 ...                                              
                                                  
l.2632 \end{options}
                    

Overfull \hbox (16.68799pt too wide) in paragraph at lines 2634--2637
[]\T1/lmr/m/n/10.95 (-20) H· tam-bÈm duas no-vas op-Áıes para \T1/lmss/m/n/10.9
5 (-20) ExShe-ets \T1/lmr/m/n/10.95 (-20) que po-dem ser de-fi-ni-das com \T1/l
mtt/m/n/10.95 \SetupExSheets\T1/lmr/m/n/10.95 (-20) : 

! LaTeX Error: Something's wrong--perhaps a missing \item.

See the LaTeX manual or LaTeX Companion for explanation.
Type  H <return>  for immediate help.
 ...                                              
                                                  
l.2643 \end{options}
                    

Overfull \hbox (42.25745pt too wide) in paragraph at lines 2648--2656
[]\T1/lmr/m/n/10.95 (-20) [[$\OMS/lmsy/m/n/10.95 h$\T1/lmr/m/it/10.95 (-20) opt
ions for both en-vi-ron-ments$\OMS/lmsy/m/n/10.95 i$\T1/lmr/m/n/10.95 (-20) ]{$
\OMS/lmsy/m/n/10.95 h$\T1/lmr/m/it/10.95 (-20) lst ques-tion env$\OMS/lmsy/m/n/
10.95 i$\T1/lmr/m/n/10.95 (-20) }{$\OMS/lmsy/m/n/10.95 h$\T1/lmr/m/it/10.95 (-2
0) question env$\OMS/lmsy/m/n/10.95 i$\T1/lmr/m/n/10.95 (-20) }[$\OMS/lmsy/m/n/
10.95 h$\T1/lmr/m/it/10.95 (-20) options

[47]
part IV.

[48]

LaTeX Warning: Citation 'knuth:ct' on page 49 undefined on input line 2668.


LaTeX Warning: Citation 'knuth:ct:a' on page 49 undefined on input line 2668.


LaTeX Warning: Citation 'knuth:ct:b' on page 49 undefined on input line 2668.


LaTeX Warning: Citation 'knuth:ct:c' on page 49 undefined on input line 2668.


LaTeX Warning: Citation 'knuth:ct:d' on page 49 undefined on input line 2668.


LaTeX Warning: Citation 'knuth:ct:e' on page 49 undefined on input line 2668.


Overfull \hbox (12.048pt too wide) in paragraph at lines 2668--2668
\T1/lmr/m/n/10.95 (-20) Por exem-plo dois vo-lu-mes de []: [], [], [], [],

[49] (./exsheets_en.aux)

LaTeX Font Warning: Some font shapes were not available, defaults substituted.


LaTeX Warning: There were undefined references.


LaTeX Warning: Label(s) may have changed. Rerun to get cross-references right.


Package biblatex Warning: Please (re)run Biber on the file:
(biblatex)                exsheets_en
(biblatex)                and rerun LaTeX afterwards.

 )
(see the transcript file for additional information)<c:/texlive/2025/texmf-dist
/fonts/type1/public/lm/lmbx10.pfb><c:/texlive/2025/texmf-dist/fonts/type1/publi
c/lm/lmcsc10.pfb><c:/texlive/2025/texmf-dist/fonts/type1/public/lm/lmmi10.pfb><
c:/texlive/2025/texmf-dist/fonts/type1/public/lm/lmmi8.pfb><c:/texlive/2025/tex
mf-dist/fonts/type1/public/lm/lmr10.pfb><c:/texlive/2025/texmf-dist/fonts/type1
/public/lm/lmr12.pfb><c:/texlive/2025/texmf-dist/fonts/type1/public/lm/lmr6.pfb
><c:/texlive/2025/texmf-dist/fonts/type1/public/lm/lmr7.pfb><c:/texlive/2025/te
xmf-dist/fonts/type1/public/lm/lmr8.pfb><c:/texlive/2025/texmf-dist/fonts/type1
/public/lm/lmr9.pfb><c:/texlive/2025/texmf-dist/fonts/type1/public/lm/lmri10.pf
b><c:/texlive/2025/texmf-dist/fonts/type1/public/lm/lmri9.pfb><c:/texlive/2025/
texmf-dist/fonts/type1/public/lm/lmss10.pfb><c:/texlive/2025/texmf-dist/fonts/t
ype1/public/lm/lmss8.pfb><c:/texlive/2025/texmf-dist/fonts/type1/public/lm/lmss
9.pfb><c:/texlive/2025/texmf-dist/fonts/type1/public/lm/lmssbx10.pfb><c:/texliv
e/2025/texmf-dist/fonts/type1/public/lm/lmsy10.pfb><c:/texlive/2025/texmf-dist/
fonts/type1/public/lm/lmsy9.pfb><c:/texlive/2025/texmf-dist/fonts/type1/public/
lm/lmtk10.pfb><c:/texlive/2025/texmf-dist/fonts/type1/public/lm/lmtt10.pfb><c:/
texlive/2025/texmf-dist/fonts/type1/public/lm/lmtt9.pfb><c:/texlive/2025/texmf-
dist/fonts/type1/public/lm/lmtti10.pfb><c:/texlive/2025/texmf-dist/fonts/type1/
public/amsfonts/symbols/msam10.pfb>
Output written on exsheets_en.pdf (49 pages, 637883 bytes).
Transcript written on exsheets_en.log.
